%!Adobe-FontList 1.20
%Locale:0x412

%BeginFont
Handler:DirectoryHandler
FontType:TrueType
FontName:Undefined
FamilyName:Undefined
StyleName:Regular
FullName:Undefined
MenuName:사각사각
StyleBits:0
FamilyNameNative:사각사각
StyleNameNative:Regular
FullNameNative:사각사각
WritingScript:Korean
OutlineFileName:D:\Students\손다애\1.코딩\웹페이지\Font\사각사각.ttf
DataFormat:sfntData
hasSVG:no
VariableFontType:NonVariableFont
FileLength:5081736
FileModTime:1708500698
WeightClass:400
WidthClass:5
AngleClass:0
NameArray:0,Win,1,윕?윕?
NameArray:3,Win,1,사각사각
NameArray:3,Win,16,사각사각
%EndFont

